#
# There is insufficient memory for the Java Runtime Environment to continue.
# Native memory allocation (malloc) failed to allocate 1110736 bytes for Chunk::new
# Possible reasons:
#   The system is out of physical RAM or swap space
#   The process is running with CompressedOops enabled, and the Java Heap may be blocking the growth of the native heap
# Possible solutions:
#   Reduce memory load on the system
#   Increase physical memory or swap space
#   Check if swap backing store is full
#   Decrease Java heap size (-Xmx/-Xms)
#   Decrease number of Java threads
#   Decrease Java thread stack sizes (-Xss)
#   Set larger code cache with -XX:ReservedCodeCacheSize=
#   JVM is running with Unscaled Compressed Oops mode in which the Java heap is
#     placed in the first 4GB address space. The Java Heap base address is the
#     maximum limit for the native heap growth. Please use -XX:HeapBaseMinAddress
#     to set the Java Heap base and to place the Java Heap above 4GB virtual address.
# This output file may be truncated or incomplete.
#
#  Out of Memory Error (./src/hotspot/share/memory/arena.cpp:197), pid=10548, tid=5240
#
# JRE version: OpenJDK Runtime Environment Temurin-11.0.16.1+1 (11.0.16.1+1) (build 11.0.16.1+1)
# Java VM: OpenJDK 64-Bit Server VM Temurin-11.0.16.1+1 (11.0.16.1+1, mixed mode, tiered, compressed oops, g1 gc, windows-amd64)
# No core dump will be written. Minidumps are not enabled by default on client versions of Windows
#

---------------  S U M M A R Y ------------

Command Line: org.serratec.dbcliente.DbClienteApplication

Host: Intel(R) Core(TM) i5-4200U CPU @ 1.60GHz, 4 cores, 7G,  Windows 10 , 64 bit Build 19041 (10.0.19041.1889)
Time: Fri Oct  7 14:03:04 2022 Hora oficial do Brasil elapsed time: 4.235359 seconds (0d 0h 0m 4s)

---------------  T H R E A D  ---------------

Current thread (0x0000020dd9e8b800):  JavaThread "C2 CompilerThread0" daemon [_thread_in_native, id=5240, stack(0x0000009560c00000,0x0000009560d00000)]


Current CompileTask:
C2:   4235 1646       4       jdk.internal.org.objectweb.asm.Frame::execute (2264 bytes)

Stack: [0x0000009560c00000,0x0000009560d00000]
Native frames: (J=compiled Java code, j=interpreted, Vv=VM code, C=native code)
V  [jvm.dll+0x61f18a]
V  [jvm.dll+0x7abb09]
V  [jvm.dll+0x7ad1f8]
V  [jvm.dll+0x7ad8d3]
V  [jvm.dll+0x24fc38]
V  [jvm.dll+0xc262c]
V  [jvm.dll+0xc2bec]
V  [jvm.dll+0x359de2]
V  [jvm.dll+0x325fb3]
V  [jvm.dll+0x3252ea]
V  [jvm.dll+0x208f65]
V  [jvm.dll+0x20808d]
V  [jvm.dll+0x18a3a1]
V  [jvm.dll+0x2178e4]
V  [jvm.dll+0x215b2b]
V  [jvm.dll+0x76e610]
V  [jvm.dll+0x767544]
V  [jvm.dll+0x61dff5]
C  [ucrtbase.dll+0x21bb2]
C  [KERNEL32.DLL+0x17034]
C  [ntdll.dll+0x526a1]


---------------  P R O C E S S  ---------------

Threads class SMR info:
_java_thread_list=0x0000020ddb9a7c10, length=14, elements={
0x0000020dbb6f2000, 0x0000020dd9e6a800, 0x0000020dd9e73800, 0x0000020dd9e87000,
0x0000020dd9e87800, 0x0000020dd9e88800, 0x0000020dd9e8b800, 0x0000020dd9e8d000,
0x0000020dda85b000, 0x0000020dda97e800, 0x0000020ddb3c7000, 0x0000020ddb76a800,
0x0000020ddba71800, 0x0000020ddb905000
}

Java Threads: ( => current thread )
  0x0000020dbb6f2000 JavaThread "main" [_thread_blocked, id=5764, stack(0x0000009560000000,0x0000009560100000)]
  0x0000020dd9e6a800 JavaThread "Reference Handler" daemon [_thread_blocked, id=11520, stack(0x0000009560700000,0x0000009560800000)]
  0x0000020dd9e73800 JavaThread "Finalizer" daemon [_thread_blocked, id=15144, stack(0x0000009560800000,0x0000009560900000)]
  0x0000020dd9e87000 JavaThread "Signal Dispatcher" daemon [_thread_blocked, id=11108, stack(0x0000009560900000,0x0000009560a00000)]
  0x0000020dd9e87800 JavaThread "Attach Listener" daemon [_thread_blocked, id=15300, stack(0x0000009560a00000,0x0000009560b00000)]
  0x0000020dd9e88800 JavaThread "Service Thread" daemon [_thread_blocked, id=3328, stack(0x0000009560b00000,0x0000009560c00000)]
=>0x0000020dd9e8b800 JavaThread "C2 CompilerThread0" daemon [_thread_in_native, id=5240, stack(0x0000009560c00000,0x0000009560d00000)]
  0x0000020dd9e8d000 JavaThread "C1 CompilerThread0" daemon [_thread_blocked, id=9172, stack(0x0000009560d00000,0x0000009560e00000)]
  0x0000020dda85b000 JavaThread "Sweeper thread" daemon [_thread_blocked, id=6364, stack(0x0000009560e00000,0x0000009560f00000)]
  0x0000020dda97e800 JavaThread "Common-Cleaner" daemon [_thread_blocked, id=760, stack(0x0000009561000000,0x0000009561100000)]
  0x0000020ddb3c7000 JavaThread "Thread-0" [_thread_blocked, id=14908, stack(0x0000009561400000,0x0000009561500000)]
  0x0000020ddb76a800 JavaThread "restartedMain" [_thread_blocked, id=956, stack(0x0000009561300000,0x0000009561400000)]
  0x0000020ddba71800 JavaThread "C2 CompilerThread1" daemon [_thread_in_native, id=8464, stack(0x0000009561500000,0x0000009561600000)]
  0x0000020ddb905000 JavaThread "background-preinit" [_thread_blocked, id=3412, stack(0x0000009561600000,0x0000009561700000)]

Other Threads:
  0x0000020dd9e65800 VMThread "VM Thread" [stack: 0x0000009560600000,0x0000009560700000] [id=8592]
  0x0000020dda972800 WatcherThread [stack: 0x0000009560f00000,0x0000009561000000] [id=9780]
  0x0000020dbb70b000 GCTaskThread "GC Thread#0" [stack: 0x0000009560100000,0x0000009560200000] [id=3664]
  0x0000020ddb0fb000 GCTaskThread "GC Thread#1" [stack: 0x0000009561100000,0x0000009561200000] [id=3052]
  0x0000020ddb3c6000 GCTaskThread "GC Thread#2" [stack: 0x0000009561200000,0x0000009561300000] [id=8220]
  0x0000020ddb8ae800 GCTaskThread "GC Thread#3" [stack: 0x0000009561700000,0x0000009561800000] [id=14852]
  0x0000020dbb73a000 ConcurrentGCThread "G1 Main Marker" [stack: 0x0000009560200000,0x0000009560300000] [id=7300]
  0x0000020dbb73c800 ConcurrentGCThread "G1 Conc#0" [stack: 0x0000009560300000,0x0000009560400000] [id=15104]
  0x0000020dbb7c2800 ConcurrentGCThread "G1 Refine#0" [stack: 0x0000009560400000,0x0000009560500000] [id=14548]
  0x0000020dbb7c4800 ConcurrentGCThread "G1 Young RemSet Sampling" [stack: 0x0000009560500000,0x0000009560600000] [id=8076]

Threads with active compile tasks:
C2 CompilerThread0     4730 1646       4       jdk.internal.org.objectweb.asm.Frame::execute (2264 bytes)
C2 CompilerThread1     4730 1683       4       java.io.WinNTFileSystem::normalize (143 bytes)

VM state:at safepoint (normal execution)

VM Mutex/Monitor currently owned by a thread:  ([mutex/lock_event])
[0x0000020dbb6ee460] Threads_lock - owner thread: 0x0000020dd9e65800
[0x0000020dbb6ee850] Heap_lock - owner thread: 0x0000020ddb905000

OutOfMemory and StackOverflow Exception counts:
OutOfMemoryError java_heap_errors=2
LinkageErrors=35

Heap address: 0x0000000081c00000, size: 2020 MB, Compressed Oops mode: 32-bit
Narrow klass base: 0x0000000000000000, Narrow klass shift: 3
Compressed class space size: 1073741824 Address: 0x0000000100000000

Heap:
 garbage-first heap   total 131072K, used 8473K [0x0000000081c00000, 0x0000000100000000)
  region size 1024K, 3 young (3072K), 3 survivors (3072K)
 Metaspace       used 21276K, capacity 21809K, committed 21936K, reserved 1103872K
  class space    used 2286K, capacity 2479K, committed 2560K, reserved 1048576K
Heap Regions: E=young(eden), S=young(survivor), O=old, HS=humongous(starts), HC=humongous(continues), CS=collection set, F=free, A=archive, TAMS=top-at-mark-start (previous, next)
|   0|0x0000000081c00000, 0x0000000081d00000, 0x0000000081d00000|100%|HS|  |TAMS 0x0000000081d00000, 0x0000000081d00000| Complete 
|   1|0x0000000081d00000, 0x0000000081e00000, 0x0000000081e00000|100%| O|  |TAMS 0x0000000081e00000, 0x0000000081e00000| Untracked 
|   2|0x0000000081e00000, 0x0000000081f00000, 0x0000000081f00000|100%| O|  |TAMS 0x0000000081f00000, 0x0000000081f00000| Untracked 
|   3|0x0000000081f00000, 0x0000000082000000, 0x0000000082000000|100%| O|  |TAMS 0x0000000082000000, 0x0000000082000000| Untracked 
|   4|0x0000000082000000, 0x0000000082100000, 0x0000000082100000|100%| O|  |TAMS 0x0000000082100000, 0x0000000082100000| Untracked 
|   5|0x0000000082100000, 0x00000000821afa00, 0x0000000082200000| 68%| O|  |TAMS 0x00000000821afa00, 0x00000000821afa00| Untracked 
|   6|0x0000000082200000, 0x0000000082200000, 0x0000000082300000|  0%| F|  |TAMS 0x0000000082200000, 0x0000000082200000| Untracked 
|   7|0x0000000082300000, 0x0000000082300000, 0x0000000082400000|  0%| F|  |TAMS 0x0000000082300000, 0x0000000082300000| Untracked 
|   8|0x0000000082400000, 0x0000000082400000, 0x0000000082500000|  0%| F|  |TAMS 0x0000000082400000, 0x0000000082400000| Untracked 
|   9|0x0000000082500000, 0x0000000082500000, 0x0000000082600000|  0%| F|  |TAMS 0x0000000082500000, 0x0000000082500000| Untracked 
|  10|0x0000000082600000, 0x0000000082600000, 0x0000000082700000|  0%| F|  |TAMS 0x0000000082600000, 0x0000000082600000| Untracked 
|  11|0x0000000082700000, 0x0000000082700000, 0x0000000082800000|  0%| F|  |TAMS 0x0000000082700000, 0x0000000082700000| Untracked 
|  12|0x0000000082800000, 0x0000000082800000, 0x0000000082900000|  0%| F|  |TAMS 0x0000000082800000, 0x0000000082800000| Untracked 
|  13|0x0000000082900000, 0x0000000082900000, 0x0000000082a00000|  0%| F|  |TAMS 0x0000000082900000, 0x0000000082900000| Untracked 
|  14|0x0000000082a00000, 0x0000000082a00000, 0x0000000082b00000|  0%| F|  |TAMS 0x0000000082a00000, 0x0000000082a00000| Untracked 
|  15|0x0000000082b00000, 0x0000000082b00000, 0x0000000082c00000|  0%| F|  |TAMS 0x0000000082b00000, 0x0000000082b00000| Untracked 
|  16|0x0000000082c00000, 0x0000000082c00000, 0x0000000082d00000|  0%| F|  |TAMS 0x0000000082c00000, 0x0000000082c00000| Untracked 
|  17|0x0000000082d00000, 0x0000000082d00000, 0x0000000082e00000|  0%| F|  |TAMS 0x0000000082d00000, 0x0000000082d00000| Untracked 
|  18|0x0000000082e00000, 0x0000000082e00000, 0x0000000082f00000|  0%| F|  |TAMS 0x0000000082e00000, 0x0000000082e00000| Untracked 
|  19|0x0000000082f00000, 0x0000000082f00000, 0x0000000083000000|  0%| F|  |TAMS 0x0000000082f00000, 0x0000000082f00000| Untracked 
|  20|0x0000000083000000, 0x0000000083000000, 0x0000000083100000|  0%| F|  |TAMS 0x0000000083000000, 0x0000000083000000| Untracked 
|  21|0x0000000083100000, 0x0000000083100000, 0x0000000083200000|  0%| F|  |TAMS 0x0000000083100000, 0x0000000083100000| Untracked 
|  22|0x0000000083200000, 0x0000000083200000, 0x0000000083300000|  0%| F|  |TAMS 0x0000000083200000, 0x0000000083200000| Untracked 
|  23|0x0000000083300000, 0x0000000083300000, 0x0000000083400000|  0%| F|  |TAMS 0x0000000083300000, 0x0000000083300000| Untracked 
|  24|0x0000000083400000, 0x0000000083400000, 0x0000000083500000|  0%| F|  |TAMS 0x0000000083400000, 0x0000000083400000| Untracked 
|  25|0x0000000083500000, 0x0000000083500000, 0x0000000083600000|  0%| F|  |TAMS 0x0000000083500000, 0x0000000083500000| Untracked 
|  26|0x0000000083600000, 0x0000000083600000, 0x0000000083700000|  0%| F|  |TAMS 0x0000000083600000, 0x0000000083600000| Untracked 
|  27|0x0000000083700000, 0x0000000083700000, 0x0000000083800000|  0%| F|  |TAMS 0x0000000083700000, 0x0000000083700000| Untracked 
|  28|0x0000000083800000, 0x0000000083800000, 0x0000000083900000|  0%| F|  |TAMS 0x0000000083800000, 0x0000000083800000| Untracked 
|  29|0x0000000083900000, 0x0000000083900000, 0x0000000083a00000|  0%| F|  |TAMS 0x0000000083900000, 0x0000000083900000| Untracked 
|  30|0x0000000083a00000, 0x0000000083a00000, 0x0000000083b00000|  0%| F|  |TAMS 0x0000000083a00000, 0x0000000083a00000| Untracked 
|  31|0x0000000083b00000, 0x0000000083b00000, 0x0000000083c00000|  0%| F|  |TAMS 0x0000000083b00000, 0x0000000083b00000| Untracked 
|  32|0x0000000083c00000, 0x0000000083c00000, 0x0000000083d00000|  0%| F|  |TAMS 0x0000000083c00000, 0x0000000083c00000| Untracked 
|  33|0x0000000083d00000, 0x0000000083d00000, 0x0000000083e00000|  0%| F|  |TAMS 0x0000000083d00000, 0x0000000083d00000| Untracked 
|  34|0x0000000083e00000, 0x0000000083e00000, 0x0000000083f00000|  0%| F|  |TAMS 0x0000000083e00000, 0x0000000083e00000| Untracked 
|  35|0x0000000083f00000, 0x0000000083f00000, 0x0000000084000000|  0%| F|  |TAMS 0x0000000083f00000, 0x0000000083f00000| Untracked 
|  36|0x0000000084000000, 0x0000000084000000, 0x0000000084100000|  0%| F|  |TAMS 0x0000000084000000, 0x0000000084000000| Untracked 
|  37|0x0000000084100000, 0x0000000084100000, 0x0000000084200000|  0%| F|  |TAMS 0x0000000084100000, 0x0000000084100000| Untracked 
|  38|0x0000000084200000, 0x0000000084200000, 0x0000000084300000|  0%| F|  |TAMS 0x0000000084200000, 0x0000000084200000| Untracked 
|  39|0x0000000084300000, 0x0000000084300000, 0x0000000084400000|  0%| F|  |TAMS 0x0000000084300000, 0x0000000084300000| Untracked 
|  40|0x0000000084400000, 0x0000000084400000, 0x0000000084500000|  0%| F|  |TAMS 0x0000000084400000, 0x0000000084400000| Untracked 
|  41|0x0000000084500000, 0x0000000084500000, 0x0000000084600000|  0%| F|  |TAMS 0x0000000084500000, 0x0000000084500000| Untracked 
|  42|0x0000000084600000, 0x0000000084600000, 0x0000000084700000|  0%| F|  |TAMS 0x0000000084600000, 0x0000000084600000| Untracked 
|  43|0x0000000084700000, 0x0000000084700000, 0x0000000084800000|  0%| F|  |TAMS 0x0000000084700000, 0x0000000084700000| Untracked 
|  44|0x0000000084800000, 0x0000000084800000, 0x0000000084900000|  0%| F|  |TAMS 0x0000000084800000, 0x0000000084800000| Untracked 
|  45|0x0000000084900000, 0x0000000084900000, 0x0000000084a00000|  0%| F|  |TAMS 0x0000000084900000, 0x0000000084900000| Untracked 
|  46|0x0000000084a00000, 0x0000000084a00000, 0x0000000084b00000|  0%| F|  |TAMS 0x0000000084a00000, 0x0000000084a00000| Untracked 
|  47|0x0000000084b00000, 0x0000000084b00000, 0x0000000084c00000|  0%| F|  |TAMS 0x0000000084b00000, 0x0000000084b00000| Untracked 
|  48|0x0000000084c00000, 0x0000000084c00000, 0x0000000084d00000|  0%| F|  |TAMS 0x0000000084c00000, 0x0000000084c00000| Untracked 
|  49|0x0000000084d00000, 0x0000000084d00000, 0x0000000084e00000|  0%| F|  |TAMS 0x0000000084d00000, 0x0000000084d00000| Untracked 
|  50|0x0000000084e00000, 0x0000000084e00000, 0x0000000084f00000|  0%| F|  |TAMS 0x0000000084e00000, 0x0000000084e00000| Untracked 
|  51|0x0000000084f00000, 0x0000000084f00000, 0x0000000085000000|  0%| F|  |TAMS 0x0000000084f00000, 0x0000000084f00000| Untracked 
|  52|0x0000000085000000, 0x0000000085000000, 0x0000000085100000|  0%| F|  |TAMS 0x0000000085000000, 0x0000000085000000| Untracked 
|  53|0x0000000085100000, 0x0000000085100000, 0x0000000085200000|  0%| F|  |TAMS 0x0000000085100000, 0x0000000085100000| Untracked 
|  54|0x0000000085200000, 0x0000000085200000, 0x0000000085300000|  0%| F|  |TAMS 0x0000000085200000, 0x0000000085200000| Untracked 
|  55|0x0000000085300000, 0x0000000085300000, 0x0000000085400000|  0%| F|  |TAMS 0x0000000085300000, 0x0000000085300000| Untracked 
|  56|0x0000000085400000, 0x0000000085400000, 0x0000000085500000|  0%| F|  |TAMS 0x0000000085400000, 0x0000000085400000| Untracked 
|  57|0x0000000085500000, 0x0000000085500000, 0x0000000085600000|  0%| F|  |TAMS 0x0000000085500000, 0x0000000085500000| Untracked 
|  58|0x0000000085600000, 0x0000000085600000, 0x0000000085700000|  0%| F|  |TAMS 0x0000000085600000, 0x0000000085600000| Untracked 
|  59|0x0000000085700000, 0x0000000085700000, 0x0000000085800000|  0%| F|  |TAMS 0x0000000085700000, 0x0000000085700000| Untracked 
|  60|0x0000000085800000, 0x0000000085800000, 0x0000000085900000|  0%| F|  |TAMS 0x0000000085800000, 0x0000000085800000| Untracked 
|  61|0x0000000085900000, 0x0000000085900000, 0x0000000085a00000|  0%| F|  |TAMS 0x0000000085900000, 0x0000000085900000| Untracked 
|  62|0x0000000085a00000, 0x0000000085a00000, 0x0000000085b00000|  0%| F|  |TAMS 0x0000000085a00000, 0x0000000085a00000| Untracked 
|  63|0x0000000085b00000, 0x0000000085b00000, 0x0000000085c00000|  0%| F|  |TAMS 0x0000000085b00000, 0x0000000085b00000| Untracked 
|  64|0x0000000085c00000, 0x0000000085c00000, 0x0000000085d00000|  0%| F|  |TAMS 0x0000000085c00000, 0x0000000085c00000| Untracked 
|  65|0x0000000085d00000, 0x0000000085d00000, 0x0000000085e00000|  0%| F|  |TAMS 0x0000000085d00000, 0x0000000085d00000| Untracked 
|  66|0x0000000085e00000, 0x0000000085e00000, 0x0000000085f00000|  0%| F|  |TAMS 0x0000000085e00000, 0x0000000085e00000| Untracked 
|  67|0x0000000085f00000, 0x0000000085f00000, 0x0000000086000000|  0%| F|  |TAMS 0x0000000085f00000, 0x0000000085f00000| Untracked 
|  68|0x0000000086000000, 0x0000000086000000, 0x0000000086100000|  0%| F|  |TAMS 0x0000000086000000, 0x0000000086000000| Untracked 
|  69|0x0000000086100000, 0x0000000086100000, 0x0000000086200000|  0%| F|  |TAMS 0x0000000086100000, 0x0000000086100000| Untracked 
|  70|0x0000000086200000, 0x0000000086200000, 0x0000000086300000|  0%| F|  |TAMS 0x0000000086200000, 0x0000000086200000| Untracked 
|  71|0x0000000086300000, 0x0000000086300000, 0x0000000086400000|  0%| F|  |TAMS 0x0000000086300000, 0x0000000086300000| Untracked 
|  72|0x0000000086400000, 0x0000000086400000, 0x0000000086500000|  0%| F|  |TAMS 0x0000000086400000, 0x0000000086400000| Untracked 
|  73|0x0000000086500000, 0x0000000086500000, 0x0000000086600000|  0%| F|  |TAMS 0x0000000086500000, 0x0000000086500000| Untracked 
|  74|0x0000000086600000, 0x0000000086600000, 0x0000000086700000|  0%| F|  |TAMS 0x0000000086600000, 0x0000000086600000| Untracked 
|  75|0x0000000086700000, 0x0000000086700000, 0x0000000086800000|  0%| F|  |TAMS 0x0000000086700000, 0x0000000086700000| Untracked 
|  76|0x0000000086800000, 0x0000000086800000, 0x0000000086900000|  0%| F|  |TAMS 0x0000000086800000, 0x0000000086800000| Untracked 
|  77|0x0000000086900000, 0x0000000086900000, 0x0000000086a00000|  0%| F|  |TAMS 0x0000000086900000, 0x0000000086900000| Untracked 
|  78|0x0000000086a00000, 0x0000000086a00000, 0x0000000086b00000|  0%| F|  |TAMS 0x0000000086a00000, 0x0000000086a00000| Untracked 
|  79|0x0000000086b00000, 0x0000000086b00000, 0x0000000086c00000|  0%| F|  |TAMS 0x0000000086b00000, 0x0000000086b00000| Untracked 
|  80|0x0000000086c00000, 0x0000000086c00000, 0x0000000086d00000|  0%| F|  |TAMS 0x0000000086c00000, 0x0000000086c00000| Untracked 
|  81|0x0000000086d00000, 0x0000000086d00000, 0x0000000086e00000|  0%| F|  |TAMS 0x0000000086d00000, 0x0000000086d00000| Untracked 
|  82|0x0000000086e00000, 0x0000000086e00000, 0x0000000086f00000|  0%| F|  |TAMS 0x0000000086e00000, 0x0000000086e00000| Untracked 
|  83|0x0000000086f00000, 0x0000000086f00000, 0x0000000087000000|  0%| F|  |TAMS 0x0000000086f00000, 0x0000000086f00000| Untracked 
|  84|0x0000000087000000, 0x0000000087000000, 0x0000000087100000|  0%| F|  |TAMS 0x0000000087000000, 0x0000000087000000| Untracked 
|  85|0x0000000087100000, 0x0000000087100000, 0x0000000087200000|  0%| F|  |TAMS 0x0000000087100000, 0x0000000087100000| Untracked 
|  86|0x0000000087200000, 0x0000000087200000, 0x0000000087300000|  0%| F|  |TAMS 0x0000000087200000, 0x0000000087200000| Untracked 
|  87|0x0000000087300000, 0x0000000087300000, 0x0000000087400000|  0%| F|  |TAMS 0x0000000087300000, 0x0000000087300000| Untracked 
|  88|0x0000000087400000, 0x0000000087400000, 0x0000000087500000|  0%| F|  |TAMS 0x0000000087400000, 0x0000000087400000| Untracked 
|  89|0x0000000087500000, 0x0000000087500000, 0x0000000087600000|  0%| F|  |TAMS 0x0000000087500000, 0x0000000087500000| Untracked 
|  90|0x0000000087600000, 0x0000000087600000, 0x0000000087700000|  0%| F|  |TAMS 0x0000000087600000, 0x0000000087600000| Untracked 
|  91|0x0000000087700000, 0x0000000087700000, 0x0000000087800000|  0%| F|  |TAMS 0x0000000087700000, 0x0000000087700000| Untracked 
|  92|0x0000000087800000, 0x0000000087800000, 0x0000000087900000|  0%| F|  |TAMS 0x0000000087800000, 0x0000000087800000| Untracked 
|  93|0x0000000087900000, 0x0000000087900000, 0x0000000087a00000|  0%| F|  |TAMS 0x0000000087900000, 0x0000000087900000| Untracked 
|  94|0x0000000087a00000, 0x0000000087a00000, 0x0000000087b00000|  0%| F|  |TAMS 0x0000000087a00000, 0x0000000087a00000| Untracked 
|  95|0x0000000087b00000, 0x0000000087b00000, 0x0000000087c00000|  0%| F|  |TAMS 0x0000000087b00000, 0x0000000087b00000| Untracked 
|  96|0x0000000087c00000, 0x0000000087c00000, 0x0000000087d00000|  0%| F|  |TAMS 0x0000000087c00000, 0x0000000087c00000| Untracked 
|  97|0x0000000087d00000, 0x0000000087d00000, 0x0000000087e00000|  0%| F|  |TAMS 0x0000000087d00000, 0x0000000087d00000| Untracked 
|  98|0x0000000087e00000, 0x0000000087e00000, 0x0000000087f00000|  0%| F|  |TAMS 0x0000000087e00000, 0x0000000087e00000| Untracked 
|  99|0x0000000087f00000, 0x0000000087f00000, 0x0000000088000000|  0%| F|  |TAMS 0x0000000087f00000, 0x0000000087f00000| Untracked 
| 100|0x0000000088000000, 0x0000000088000000, 0x0000000088100000|  0%| F|  |TAMS 0x0000000088000000, 0x0000000088000000| Untracked 
| 101|0x0000000088100000, 0x0000000088100000, 0x0000000088200000|  0%| F|  |TAMS 0x0000000088100000, 0x0000000088100000| Untracked 
| 102|0x0000000088200000, 0x0000000088200000, 0x0000000088300000|  0%| F|  |TAMS 0x0000000088200000, 0x0000000088200000| Untracked 
| 103|0x0000000088300000, 0x0000000088300000, 0x0000000088400000|  0%| F|  |TAMS 0x0000000088300000, 0x0000000088300000| Untracked 
| 104|0x0000000088400000, 0x0000000088400000, 0x0000000088500000|  0%| F|  |TAMS 0x0000000088400000, 0x0000000088400000| Untracked 
| 105|0x0000000088500000, 0x0000000088500000, 0x0000000088600000|  0%| F|  |TAMS 0x0000000088500000, 0x0000000088500000| Untracked 
| 106|0x0000000088600000, 0x0000000088600000, 0x0000000088700000|  0%| F|  |TAMS 0x0000000088600000, 0x0000000088600000| Untracked 
| 107|0x0000000088700000, 0x0000000088700000, 0x0000000088800000|  0%| F|  |TAMS 0x0000000088700000, 0x0000000088700000| Untracked 
| 108|0x0000000088800000, 0x0000000088800000, 0x0000000088900000|  0%| F|  |TAMS 0x0000000088800000, 0x0000000088800000| Untracked 
| 109|0x0000000088900000, 0x0000000088900000, 0x0000000088a00000|  0%| F|  |TAMS 0x0000000088900000, 0x0000000088900000| Untracked 
| 110|0x0000000088a00000, 0x0000000088a00000, 0x0000000088b00000|  0%| F|  |TAMS 0x0000000088a00000, 0x0000000088a00000| Untracked 
| 111|0x0000000088b00000, 0x0000000088b00000, 0x0000000088c00000|  0%| F|  |TAMS 0x0000000088b00000, 0x0000000088b00000| Untracked 
| 112|0x0000000088c00000, 0x0000000088c00000, 0x0000000088d00000|  0%| F|  |TAMS 0x0000000088c00000, 0x0000000088c00000| Untracked 
| 113|0x0000000088d00000, 0x0000000088d00000, 0x0000000088e00000|  0%| F|  |TAMS 0x0000000088d00000, 0x0000000088d00000| Untracked 
| 114|0x0000000088e00000, 0x0000000088e00000, 0x0000000088f00000|  0%| F|  |TAMS 0x0000000088e00000, 0x0000000088e00000| Untracked 
| 115|0x0000000088f00000, 0x0000000088f00000, 0x0000000089000000|  0%| F|  |TAMS 0x0000000088f00000, 0x0000000088f00000| Untracked 
| 116|0x0000000089000000, 0x0000000089000000, 0x0000000089100000|  0%| F|  |TAMS 0x0000000089000000, 0x0000000089000000| Untracked 
| 117|0x0000000089100000, 0x0000000089100000, 0x0000000089200000|  0%| F|  |TAMS 0x0000000089100000, 0x0000000089100000| Untracked 
| 118|0x0000000089200000, 0x0000000089200000, 0x0000000089300000|  0%| F|  |TAMS 0x0000000089200000, 0x0000000089200000| Untracked 
| 119|0x0000000089300000, 0x0000000089300000, 0x0000000089400000|  0%| F|  |TAMS 0x0000000089300000, 0x0000000089300000| Untracked 
| 120|0x0000000089400000, 0x0000000089400000, 0x0000000089500000|  0%| F|  |TAMS 0x0000000089400000, 0x0000000089400000| Untracked 
| 121|0x0000000089500000, 0x0000000089596bd0, 0x0000000089600000| 58%| S|CS|TAMS 0x0000000089500000, 0x0000000089500000| Complete 
| 122|0x0000000089600000, 0x0000000089700000, 0x0000000089700000|100%| S|CS|TAMS 0x0000000089600000, 0x0000000089600000| Complete 
| 123|0x0000000089700000, 0x0000000089800000, 0x0000000089800000|100%| S|CS|TAMS 0x0000000089700000, 0x0000000089700000| Complete 
| 124|0x0000000089800000, 0x0000000089800000, 0x0000000089900000|  0%| F|  |TAMS 0x0000000089800000, 0x0000000089800000| Untracked 
| 125|0x0000000089900000, 0x0000000089900000, 0x0000000089a00000|  0%| F|  |TAMS 0x0000000089900000, 0x0000000089900000| Untracked 
| 126|0x0000000089a00000, 0x0000000089a00000, 0x0000000089b00000|  0%| F|  |TAMS 0x0000000089a00000, 0x0000000089a00000| Untracked 
| 127|0x0000000089b00000, 0x0000000089b00000, 0x0000000089c00000|  0%| F|  |TAMS 0x0000000089b00000, 0x0000000089b00000| Untracked 

Card table byte_map: [0x0000020dd3250000,0x0000020dd3650000] _byte_map_base: 0x0000020dd2e42000

Marking Bits (Prev, Next): (CMBitMap*) 0x0000020dbb731700, (CMBitMap*) 0x0000020dbb7316c8
 Prev Bits: [0x0000020dd59e0000, 0x0000020dd7970000)
 Next Bits: [0x0000020dd3a50000, 0x0000020dd59e0000)

Polling page: 0x0000020dbaed0000

Metaspace:

Usage:
  Non-class:     18.88 MB capacity,    18.55 MB ( 98%) used,   283.18 KB (  1%) free+waste,    56.69 KB ( <1%) overhead. 
      Class:      2.42 MB capacity,     2.23 MB ( 92%) used,   164.89 KB (  7%) free+waste,    27.69 KB (  1%) overhead. 
       Both:     21.30 MB capacity,    20.78 MB ( 98%) used,   448.07 KB (  2%) free+waste,    84.38 KB ( <1%) overhead. 

Virtual space:
  Non-class space:       54.00 MB reserved,      18.92 MB ( 35%) committed 
      Class space:        1.00 GB reserved,       2.50 MB ( <1%) committed 
             Both:        1.05 GB reserved,      21.42 MB (  2%) committed 

Chunk freelists:
   Non-Class:  46.00 KB
       Class:  17.00 KB
        Both:  63.00 KB

MaxMetaspaceSize: 17179869184.00 GB
CompressedClassSpaceSize: 1.00 GB
Initial GC threshold: 20.80 MB
Current GC threshold: 35.40 MB
CDS: off

CodeHeap 'non-profiled nmethods': size=120064Kb used=644Kb max_used=644Kb free=119419Kb
 bounds [0x0000020dcb910000, 0x0000020dcbb80000, 0x0000020dd2e50000]
CodeHeap 'profiled nmethods': size=120000Kb used=3507Kb max_used=3507Kb free=116492Kb
 bounds [0x0000020dc43e0000, 0x0000020dc4750000, 0x0000020dcb910000]
CodeHeap 'non-nmethods': size=5696Kb used=1172Kb max_used=1186Kb free=4523Kb
 bounds [0x0000020dc3e50000, 0x0000020dc40c0000, 0x0000020dc43e0000]
 total_blobs=2238 nmethods=1808 adapters=342
 compilation: enabled
              stopped_count=0, restarted_count=0
 full_count=0

Compilation events (20 events):
Event: 4.081 Thread 0x0000020dd9e8d000 nmethod 1669 0x0000020dc46fd210 code [0x0000020dc46fd4c0, 0x0000020dc46fdf98]
Event: 4.082 Thread 0x0000020dd9e8d000 1671       3       java.lang.invoke.MethodTypeForm::<init> (687 bytes)
Event: 4.088 Thread 0x0000020dd9e8d000 nmethod 1671 0x0000020dc46fe410 code [0x0000020dc46fe7e0, 0x0000020dc4700c28]
Event: 4.089 Thread 0x0000020dd9e8d000 1673       3       java.lang.invoke.ClassSpecializer::classSig (94 bytes)
Event: 4.090 Thread 0x0000020dd9e8d000 nmethod 1673 0x0000020dc4701810 code [0x0000020dc4701a80, 0x0000020dc4702298]
Event: 4.091 Thread 0x0000020dd9e8d000 1675       3       java.lang.invoke.BoundMethodHandle$Specializer$Factory::chooseFieldName (25 bytes)
Event: 4.091 Thread 0x0000020ddba71800 nmethod 1666 0x0000020dcb9a9410 code [0x0000020dcb9a95c0, 0x0000020dcb9a9b38]
Event: 4.091 Thread 0x0000020ddba71800 1668       4       java.lang.String::endsWith (15 bytes)
Event: 4.093 Thread 0x0000020dd9e8d000 nmethod 1675 0x0000020dc4702590 code [0x0000020dc4702880, 0x0000020dc4703558]
Event: 4.093 Thread 0x0000020dd9e8d000 1676       3       java.lang.invoke.ClassSpecializer$Factory::chooseFieldName (32 bytes)
Event: 4.094 Thread 0x0000020dd9e8d000 nmethod 1676 0x0000020dc4703a90 code [0x0000020dc4703d20, 0x0000020dc47046f8]
Event: 4.094 Thread 0x0000020dd9e8d000 1678       3       java.lang.invoke.DirectMethodHandle$Holder::invokeStatic (15 bytes)
Event: 4.094 Thread 0x0000020dd9e8d000 nmethod 1678 0x0000020dc4704b10 code [0x0000020dc4704ce0, 0x0000020dc4705178]
Event: 4.100 Thread 0x0000020ddba71800 nmethod 1668 0x0000020dcb9aa010 code [0x0000020dcb9aa1a0, 0x0000020dcb9aa3d8]
Event: 4.100 Thread 0x0000020ddba71800 1679       4       jdk.internal.loader.URLClassPath::getResource (74 bytes)
Event: 4.102 Thread 0x0000020dd9e8d000 1680       3       java.lang.invoke.LambdaFormEditor$Transform::equals (32 bytes)
Event: 4.102 Thread 0x0000020dd9e8d000 nmethod 1680 0x0000020dc4705290 code [0x0000020dc4705460, 0x0000020dc4705628]
Event: 4.102 Thread 0x0000020dd9e8d000 1681       3       java.util.Arrays::asList (9 bytes)
Event: 4.103 Thread 0x0000020dd9e8d000 nmethod 1681 0x0000020dc4705710 code [0x0000020dc4705900, 0x0000020dc4705d68]
Event: 4.187 Thread 0x0000020ddba71800 nmethod 1679 0x0000020dcb9aa890 code [0x0000020dcb9aac20, 0x0000020dcb9ac358]

GC Heap History (6 events):
Event: 1.390 GC heap before
{Heap before GC invocations=0 (full 0):
 garbage-first heap   total 131072K, used 14336K [0x0000000081c00000, 0x0000000100000000)
  region size 1024K, 14 young (14336K), 0 survivors (0K)
 Metaspace       used 9854K, capacity 10042K, committed 10240K, reserved 1058816K
  class space    used 899K, capacity 943K, committed 1024K, reserved 1048576K
}
Event: 1.399 GC heap after
{Heap after GC invocations=1 (full 0):
 garbage-first heap   total 131072K, used 5656K [0x0000000081c00000, 0x0000000100000000)
  region size 1024K, 2 young (2048K), 2 survivors (2048K)
 Metaspace       used 9854K, capacity 10042K, committed 10240K, reserved 1058816K
  class space    used 899K, capacity 943K, committed 1024K, reserved 1048576K
}
Event: 1.734 GC heap before
{Heap before GC invocations=1 (full 0):
 garbage-first heap   total 131072K, used 12824K [0x0000000081c00000, 0x0000000100000000)
  region size 1024K, 9 young (9216K), 2 survivors (2048K)
 Metaspace       used 11213K, capacity 11439K, committed 11648K, reserved 1060864K
  class space    used 1065K, capacity 1112K, committed 1152K, reserved 1048576K
}
Event: 1.739 GC heap after
{Heap after GC invocations=2 (full 0):
 garbage-first heap   total 131072K, used 6150K [0x0000000081c00000, 0x0000000100000000)
  region size 1024K, 1 young (1024K), 1 survivors (1024K)
 Metaspace       used 11213K, capacity 11439K, committed 11648K, reserved 1060864K
  class space    used 1065K, capacity 1112K, committed 1152K, reserved 1048576K
}
Event: 4.003 GC heap before
{Heap before GC invocations=2 (full 0):
 garbage-first heap   total 131072K, used 31750K [0x0000000081c00000, 0x0000000100000000)
  region size 1024K, 26 young (26624K), 1 survivors (1024K)
 Metaspace       used 17297K, capacity 17850K, committed 17920K, reserved 1064960K
  class space    used 1832K, capacity 2032K, committed 2048K, reserved 1048576K
}
Event: 4.046 GC heap after
{Heap after GC invocations=3 (full 0):
 garbage-first heap   total 131072K, used 7669K [0x0000000081c00000, 0x0000000100000000)
  region size 1024K, 2 young (2048K), 2 survivors (2048K)
 Metaspace       used 17297K, capacity 17850K, committed 17920K, reserved 1064960K
  class space    used 1832K, capacity 2032K, committed 2048K, reserved 1048576K
}

Deoptimization events (20 events):
Event: 2.010 Thread 0x0000020ddb76a800 DEOPT PACKING pc=0x0000020dcb953e7c sp=0x00000095613fc350
Event: 2.010 Thread 0x0000020ddb76a800 DEOPT UNPACKING pc=0x0000020dc3e9a1af sp=0x00000095613fc338 mode 2
Event: 2.393 Thread 0x0000020ddb76a800 DEOPT PACKING pc=0x0000020dc445dfb0 sp=0x00000095613fbfa0
Event: 2.393 Thread 0x0000020ddb76a800 DEOPT UNPACKING pc=0x0000020dc3e9a95e sp=0x00000095613fb4b8 mode 0
Event: 2.561 Thread 0x0000020ddb76a800 Uncommon trap: trap_request=0xffffff4d fr.pc=0x0000020dcb951054 relative=0x0000000000000834
Event: 2.561 Thread 0x0000020ddb76a800 Uncommon trap: reason=unstable_if action=reinterpret pc=0x0000020dcb951054 method=java.util.HashMap.hash(Ljava/lang/Object;)I @ 1 c2
Event: 2.561 Thread 0x0000020ddb76a800 DEOPT PACKING pc=0x0000020dcb951054 sp=0x00000095613fd660
Event: 2.561 Thread 0x0000020ddb76a800 DEOPT UNPACKING pc=0x0000020dc3e9a1af sp=0x00000095613fd5f0 mode 2
Event: 2.992 Thread 0x0000020ddb76a800 Uncommon trap: trap_request=0xffffff4d fr.pc=0x0000020dcb981814 relative=0x00000000000001d4
Event: 2.992 Thread 0x0000020ddb76a800 Uncommon trap: reason=unstable_if action=reinterpret pc=0x0000020dcb981814 method=org.springframework.boot.context.properties.source.ConfigurationPropertyName$ElementsParser.updateType(Lorg/springframework/boot/context/properties/source/ConfigurationPrope
Event: 2.992 Thread 0x0000020ddb76a800 DEOPT PACKING pc=0x0000020dcb981814 sp=0x00000095613fc0e0
Event: 2.992 Thread 0x0000020ddb76a800 DEOPT UNPACKING pc=0x0000020dc3e9a1af sp=0x00000095613fc070 mode 2
Event: 3.554 Thread 0x0000020ddb76a800 Uncommon trap: trap_request=0xffffff4d fr.pc=0x0000020dcb97949c relative=0x00000000000010dc
Event: 3.554 Thread 0x0000020ddb76a800 Uncommon trap: reason=unstable_if action=reinterpret pc=0x0000020dcb97949c method=java.util.concurrent.ConcurrentHashMap.putVal(Ljava/lang/Object;Ljava/lang/Object;Z)Ljava/lang/Object; @ 148 c2
Event: 3.554 Thread 0x0000020ddb76a800 DEOPT PACKING pc=0x0000020dcb97949c sp=0x00000095613fd900
Event: 3.554 Thread 0x0000020ddb76a800 DEOPT UNPACKING pc=0x0000020dc3e9a1af sp=0x00000095613fd890 mode 2
Event: 3.948 Thread 0x0000020ddb905000 DEOPT PACKING pc=0x0000020dc4576a50 sp=0x00000095616fd340
Event: 3.948 Thread 0x0000020ddb905000 DEOPT UNPACKING pc=0x0000020dc3e9a95e sp=0x00000095616fc7c8 mode 0
Event: 3.948 Thread 0x0000020ddb905000 DEOPT PACKING pc=0x0000020dc4576a50 sp=0x00000095616fd340
Event: 3.948 Thread 0x0000020ddb905000 DEOPT UNPACKING pc=0x0000020dc3e9a95e sp=0x00000095616fc7c8 mode 0

Classes redefined (0 events):
No events

Internal exceptions (20 events):
Event: 2.760 Thread 0x0000020ddb76a800 Exception <a 'java/lang/NoSuchMethodError'{0x0000000088e275a0}: 'void java.lang.invoke.DirectMethodHandle$Holder.invokeSpecial(java.lang.Object, java.lang.Object, java.lang.Object, java.lang.Object)'> (0x0000000088e275a0) thrown at [./src/hotspot/share/interpreter/linkResolver.cpp, line 773]
Event: 2.933 Thread 0x0000020ddb76a800 Exception <a 'java/lang/NoSuchMethodError'{0x0000000088c24ad0}: 'java.lang.Object java.lang.invoke.Invokers$Holder.linkToTargetMethod(java.lang.Object, java.lang.Object, java.lang.Object, java.lang.Object, java.lang.Object, java.lang.Object)'> (0x0000000088c24ad0) thrown at [./src/hotspot/share/interpreter/linkResolver.cpp, line 773]
Event: 2.993 Thread 0x0000020ddb76a800 Exception <a 'java/lang/NoSuchMethodError'{0x0000000088cef6a8}: 'java.lang.Object java.lang.invoke.DirectMethodHandle$Holder.invokeSpecial(java.lang.Object, java.lang.Object, java.lang.Object, java.lang.Object, java.lang.Object, java.lang.Object, int)'> (0x0000000088cef6a8) thrown at [./src/hotspot/share/interpreter/linkResolver.cpp, line 773]
Event: 2.995 Thread 0x0000020ddb76a800 Exception <a 'java/lang/NoSuchMethodError'{0x0000000088cfc6f8}: 'java.lang.Object java.lang.invoke.DirectMethodHandle$Holder.invokeSpecial(java.lang.Object, java.lang.Object, java.lang.Object, java.lang.Object, java.lang.Object, java.lang.Object, java.lang.Object, int)'> (0x0000000088cfc6f8) thrown at [./src/hotspot/share/interpreter/linkResolver.cpp, line 773]
Event: 2.995 Thread 0x0000020ddb76a800 Exception <a 'java/lang/NoSuchMethodError'{0x0000000088b00a70}: 'java.lang.Object java.lang.invoke.Invokers$Holder.linkToTargetMethod(java.lang.Object, java.lang.Object, java.lang.Object, java.lang.Object, java.lang.Object, int, java.lang.Object)'> (0x0000000088b00a70) thrown at [./src/hotspot/share/interpreter/linkResolver.cpp, line 773]
Event: 3.106 Thread 0x0000020ddb76a800 Exception <a 'java/lang/NoSuchMethodError'{0x0000000088aa0670}: 'int java.lang.invoke.DirectMethodHandle$Holder.invokeInterface(java.lang.Object, java.lang.Object)'> (0x0000000088aa0670) thrown at [./src/hotspot/share/interpreter/linkResolver.cpp, line 773]
Event: 3.239 Thread 0x0000020ddb76a800 Exception <a 'java/lang/NoSuchMethodError'{0x0000000088814df0}: 'java.lang.Object java.lang.invoke.DirectMethodHandle$Holder.invokeStatic(java.lang.Object, java.lang.Object, java.lang.Object, int, java.lang.Object)'> (0x0000000088814df0) thrown at [./src/hotspot/share/interpreter/linkResolver.cpp, line 773]
Event: 3.241 Thread 0x0000020ddb76a800 Exception <a 'java/lang/NoSuchMethodError'{0x000000008881b7f8}: 'java.lang.Object java.lang.invoke.Invokers$Holder.linkToTargetMethod(java.lang.Object, java.lang.Object, int, java.lang.Object, java.lang.Object)'> (0x000000008881b7f8) thrown at [./src/hotspot/share/interpreter/linkResolver.cpp, line 773]
Event: 3.242 Thread 0x0000020ddb76a800 Exception <a 'java/lang/NoSuchMethodError'{0x0000000088826528}: 'int java.lang.invoke.DirectMethodHandle$Holder.invokeStatic(java.lang.Object, int, java.lang.Object, java.lang.Object)'> (0x0000000088826528) thrown at [./src/hotspot/share/interpreter/linkResolver.cpp, line 773]
Event: 3.244 Thread 0x0000020ddb76a800 Exception <a 'java/lang/NoSuchMethodError'{0x000000008882eca8}: 'int java.lang.invoke.DirectMethodHandle$Holder.invokeSpecialIFC(java.lang.Object, java.lang.Object, java.lang.Object, java.lang.Object)'> (0x000000008882eca8) thrown at [./src/hotspot/share/interpreter/linkResolver.cpp, line 773]
Event: 3.507 Thread 0x0000020ddb76a800 Exception <a 'java/lang/NoSuchMethodError'{0x0000000088605030}: 'void java.lang.invoke.DirectMethodHandle$Holder.invokeStaticInit(java.lang.Object, java.lang.Object)'> (0x0000000088605030) thrown at [./src/hotspot/share/interpreter/linkResolver.cpp, line 773]
Event: 3.531 Thread 0x0000020ddb76a800 Exception <a 'java/lang/NoSuchMethodError'{0x00000000886157d0}: 'void java.lang.invoke.DirectMethodHandle$Holder.invokeStaticInit(java.lang.Object, java.lang.Object, java.lang.Object)'> (0x00000000886157d0) thrown at [./src/hotspot/share/interpreter/linkResolver.cpp, line 773]
Event: 3.642 Thread 0x0000020ddb76a800 Exception <a 'java/lang/NoSuchMethodError'{0x00000000886eecb0}: 'void java.lang.invoke.DirectMethodHandle$Holder.invokeVirtual(java.lang.Object, java.lang.Object, java.lang.Object, java.lang.Object)'> (0x00000000886eecb0) thrown at [./src/hotspot/share/interpreter/linkResolver.cpp, line 773]
Event: 3.861 Thread 0x0000020ddb76a800 Exception <a 'java/lang/NoSuchMethodError'{0x0000000088448fd0}: 'void java.lang.invoke.DirectMethodHandle$Holder.invokeSpecial(java.lang.Object, java.lang.Object, java.lang.Object, java.lang.Object, java.lang.Object)'> (0x0000000088448fd0) thrown at [./src/hotspot/share/interpreter/linkResolver.cpp, line 773]
Event: 3.906 Thread 0x0000020ddb905000 Exception <a 'java/lang/NoClassDefFoundError'{0x00000000884e2230}: javax/validation/Validation> (0x00000000884e2230) thrown at [./src/hotspot/share/classfile/systemDictionary.cpp, line 219]
Event: 3.992 Thread 0x0000020ddb905000 Exception <a 'java/lang/NoSuchMethodError'{0x000000008826c740}: 'java.lang.Object java.lang.invoke.DirectMethodHandle$Holder.invokeStaticInit(java.lang.Object, java.lang.Object, java.lang.Object, java.lang.Object, java.lang.Object)'> (0x000000008826c740) thrown at [./src/hotspot/share/interpreter/linkResolver.cpp, line 773]
Event: 4.063 Thread 0x0000020ddb905000 Exception <a 'java/lang/NoSuchMethodError'{0x0000000089b3ab38}: 'java.lang.Object java.lang.invoke.DirectMethodHandle$Holder.invokeSpecial(java.lang.Object, java.lang.Object, int, int, java.lang.Object, java.lang.Object, java.lang.Object)'> (0x0000000089b3ab38) thrown at [./src/hotspot/share/interpreter/linkResolver.cpp, line 773]
Event: 4.063 Thread 0x0000020ddb905000 Exception <a 'java/lang/NoSuchMethodError'{0x0000000089b3e0c8}: 'java.lang.Object java.lang.invoke.DelegatingMethodHandle$Holder.reinvoke_L(java.lang.Object, int, int, java.lang.Object, java.lang.Object, java.lang.Object)'> (0x0000000089b3e0c8) thrown at [./src/hotspot/share/interpreter/linkResolver.cpp, line 773]
Event: 4.066 Thread 0x0000020ddb905000 Exception <a 'java/lang/NoSuchMethodError'{0x0000000089b41fa8}: 'java.lang.Object java.lang.invoke.DirectMethodHandle$Holder.invokeStatic(java.lang.Object, java.lang.Object, java.lang.Object, java.lang.Object, int)'> (0x0000000089b41fa8) thrown at [./src/hotspot/share/interpreter/linkResolver.cpp, line 773]
Event: 4.110 Thread 0x0000020ddb76a800 Exception <a 'java/lang/NoSuchMethodError'{0x0000000089a89620}: 'int java.lang.invoke.DirectMethodHandle$Holder.invokeSpecialIFC(java.lang.Object, java.lang.Object, int)'> (0x0000000089a89620) thrown at [./src/hotspot/share/interpreter/linkResolver.cpp, line 773]

Events (20 events):
Event: 4.152 loading class org/springframework/beans/factory/support/AbstractBeanFactory
Event: 4.152 loading class org/springframework/beans/factory/support/AbstractBeanFactory done
Event: 4.156 loading class org/springframework/beans/factory/support/FactoryBeanRegistrySupport
Event: 4.156 loading class org/springframework/beans/factory/support/FactoryBeanRegistrySupport done
Event: 4.159 loading class org/springframework/beans/factory/support/DefaultSingletonBeanRegistry
Event: 4.159 loading class org/springframework/beans/factory/support/DefaultSingletonBeanRegistry done
Event: 4.160 loading class org/springframework/core/SimpleAliasRegistry
Event: 4.160 loading class org/springframework/core/SimpleAliasRegistry done
Event: 4.212 loading class javax/xml/bind/MarshalException
Event: 4.212 loading class javax/xml/bind/MarshalException done
Event: 4.213 loading class org/springframework/beans/factory/BeanCreationException
Event: 4.213 loading class org/springframework/beans/factory/BeanCreationException done
Event: 4.214 loading class org/springframework/beans/factory/BeanCreationNotAllowedException
Event: 4.214 loading class org/springframework/beans/factory/BeanCreationNotAllowedException done
Event: 4.215 loading class org/springframework/beans/factory/BeanCurrentlyInCreationException
Event: 4.215 loading class org/springframework/beans/factory/BeanCurrentlyInCreationException done
Event: 4.216 loading class java/security/PrivilegedActionException
Event: 4.216 loading class java/security/PrivilegedActionException done
Event: 4.216 loading class org/springframework/beans/factory/FactoryBeanNotInitializedException
Event: 4.216 loading class org/springframework/beans/factory/FactoryBeanNotInitializedException done


Dynamic libraries:
0x00007ff609cb0000 - 0x00007ff609cbd000 	C:\Program Files\Eclipse Adoptium\jdk-11.0.16.101-hotspot\bin\java.exe
0x00007ff862510000 - 0x00007ff862708000 	C:\WINDOWS\SYSTEM32\ntdll.dll
0x00007ff860570000 - 0x00007ff86062d000 	C:\WINDOWS\System32\KERNEL32.DLL
0x00007ff85fd70000 - 0x00007ff86003e000 	C:\WINDOWS\System32\KERNELBASE.dll
0x00007ff860470000 - 0x00007ff860570000 	C:\WINDOWS\System32\ucrtbase.dll
0x00007ff836700000 - 0x00007ff836717000 	C:\Program Files\Eclipse Adoptium\jdk-11.0.16.101-hotspot\bin\jli.dll
0x00007ff8351e0000 - 0x00007ff8351f5000 	C:\Program Files\Eclipse Adoptium\jdk-11.0.16.101-hotspot\bin\VCRUNTIME140.dll
0x00007ff861bb0000 - 0x00007ff861d50000 	C:\WINDOWS\System32\USER32.dll
0x00007ff8602b0000 - 0x00007ff8602d2000 	C:\WINDOWS\System32\win32u.dll
0x00007ff8610f0000 - 0x00007ff86111a000 	C:\WINDOWS\System32\GDI32.dll
0x00007ff853160000 - 0x00007ff8533fa000 	C:\WINDOWS\WinSxS\amd64_microsoft.windows.common-controls_6595b64144ccf1df_6.0.19041.1110_none_60b5254171f9507e\COMCTL32.dll
0x00007ff8601a0000 - 0x00007ff8602ab000 	C:\WINDOWS\System32\gdi32full.dll
0x00007ff861420000 - 0x00007ff8614be000 	C:\WINDOWS\System32\msvcrt.dll
0x00007ff8600b0000 - 0x00007ff86014d000 	C:\WINDOWS\System32\msvcp_win.dll
0x00007ff860880000 - 0x00007ff8608b0000 	C:\WINDOWS\System32\IMM32.DLL
0x00007ff80f390000 - 0x00007ff80f42b000 	C:\Program Files\Eclipse Adoptium\jdk-11.0.16.101-hotspot\bin\msvcp140.dll
0x00007fffff460000 - 0x00007ffffffe2000 	C:\Program Files\Eclipse Adoptium\jdk-11.0.16.101-hotspot\bin\server\jvm.dll
0x00007ff8614c0000 - 0x00007ff86156e000 	C:\WINDOWS\System32\ADVAPI32.dll
0x00007ff861570000 - 0x00007ff86160c000 	C:\WINDOWS\System32\sechost.dll
0x00007ff860630000 - 0x00007ff860755000 	C:\WINDOWS\System32\RPCRT4.dll
0x00007ff861290000 - 0x00007ff861298000 	C:\WINDOWS\System32\PSAPI.DLL
0x00007ff83f690000 - 0x00007ff83f699000 	C:\WINDOWS\SYSTEM32\WSOCK32.dll
0x00007ff854c80000 - 0x00007ff854c8a000 	C:\WINDOWS\SYSTEM32\VERSION.dll
0x00007ff84e810000 - 0x00007ff84e837000 	C:\WINDOWS\SYSTEM32\WINMM.dll
0x00007ff861e20000 - 0x00007ff861e8b000 	C:\WINDOWS\System32\WS2_32.dll
0x00007ff85e7d0000 - 0x00007ff85e7e2000 	C:\WINDOWS\SYSTEM32\kernel.appcore.dll
0x00007ff838790000 - 0x00007ff8387a0000 	C:\Program Files\Eclipse Adoptium\jdk-11.0.16.101-hotspot\bin\verify.dll
0x00007ff85e1d0000 - 0x00007ff85e3b4000 	C:\WINDOWS\SYSTEM32\DBGHELP.DLL
0x00007ff854b50000 - 0x00007ff854b7c000 	C:\WINDOWS\SYSTEM32\dbgcore.DLL
0x00007ff85fce0000 - 0x00007ff85fd62000 	C:\WINDOWS\System32\bcryptPrimitives.dll
0x00007ff82dc20000 - 0x00007ff82dc48000 	C:\Program Files\Eclipse Adoptium\jdk-11.0.16.101-hotspot\bin\java.dll
0x00007ff838650000 - 0x00007ff83865a000 	C:\Program Files\Eclipse Adoptium\jdk-11.0.16.101-hotspot\bin\jimage.dll
0x00007ff8333c0000 - 0x00007ff8333d8000 	C:\Program Files\Eclipse Adoptium\jdk-11.0.16.101-hotspot\bin\zip.dll
0x00007ff8608b0000 - 0x00007ff860ff3000 	C:\WINDOWS\System32\SHELL32.dll
0x00007ff85d930000 - 0x00007ff85e0c5000 	C:\WINDOWS\SYSTEM32\windows.storage.dll
0x00007ff862040000 - 0x00007ff862394000 	C:\WINDOWS\System32\combase.dll
0x00007ff85f690000 - 0x00007ff85f6c0000 	C:\WINDOWS\SYSTEM32\Wldp.dll
0x00007ff8607d0000 - 0x00007ff86087d000 	C:\WINDOWS\System32\SHCORE.dll
0x00007ff861220000 - 0x00007ff861275000 	C:\WINDOWS\System32\shlwapi.dll
0x00007ff85fb70000 - 0x00007ff85fb8f000 	C:\WINDOWS\SYSTEM32\profapi.dll
0x00007ff82f920000 - 0x00007ff82f939000 	C:\Program Files\Eclipse Adoptium\jdk-11.0.16.101-hotspot\bin\net.dll
0x00007ff853400000 - 0x00007ff85350a000 	C:\WINDOWS\SYSTEM32\WINHTTP.dll
0x00007ff85f3f0000 - 0x00007ff85f45a000 	C:\WINDOWS\system32\mswsock.dll
0x00007ff82d5e0000 - 0x00007ff82d5f3000 	C:\Program Files\Eclipse Adoptium\jdk-11.0.16.101-hotspot\bin\nio.dll
0x00007ff835060000 - 0x00007ff835069000 	C:\Program Files\Eclipse Adoptium\jdk-11.0.16.101-hotspot\bin\management.dll
0x00007ff832150000 - 0x00007ff83215b000 	C:\Program Files\Eclipse Adoptium\jdk-11.0.16.101-hotspot\bin\management_ext.dll
0x00007ff85d040000 - 0x00007ff85d057000 	C:\WINDOWS\system32\napinsp.dll
0x00007ff85a4f0000 - 0x00007ff85a50b000 	C:\WINDOWS\system32\pnrpnsp.dll
0x00007ff85a750000 - 0x00007ff85a765000 	C:\WINDOWS\system32\wshbth.dll
0x00007ff85b1d0000 - 0x00007ff85b1ed000 	C:\WINDOWS\system32\NLAapi.dll
0x00007ff85f090000 - 0x00007ff85f0cb000 	C:\WINDOWS\SYSTEM32\IPHLPAPI.DLL
0x00007ff85f0d0000 - 0x00007ff85f19a000 	C:\WINDOWS\SYSTEM32\DNSAPI.dll
0x00007ff8607c0000 - 0x00007ff8607c8000 	C:\WINDOWS\System32\NSI.dll
0x00007ff85a150000 - 0x00007ff85a162000 	C:\WINDOWS\System32\winrnr.dll
0x00007ff842350000 - 0x00007ff84235a000 	C:\Windows\System32\rasadhlp.dll
0x00007ff840800000 - 0x00007ff840880000 	C:\WINDOWS\System32\fwpuclnt.dll
0x00007ff860440000 - 0x00007ff860467000 	C:\WINDOWS\System32\bcrypt.dll

dbghelp: loaded successfully - version: 4.0.5 - missing functions: none
symbol engine: initialized successfully - sym options: 0x614 - pdb path: .;C:\Program Files\Eclipse Adoptium\jdk-11.0.16.101-hotspot\bin;C:\WINDOWS\SYSTEM32;C:\WINDOWS\WinSxS\amd64_microsoft.windows.common-controls_6595b64144ccf1df_6.0.19041.1110_none_60b5254171f9507e;C:\Program Files\Eclipse Adoptium\jdk-11.0.16.101-hotspot\bin\server

VM Arguments:
java_command: org.serratec.dbcliente.DbClienteApplication
java_class_path (initial): C:\Users\ASUS\serratec\api\aula03\DBCliente\target\classes;C:\Users\ASUS\.m2\repository\org\springframework\boot\spring-boot-starter-web\2.7.4\spring-boot-starter-web-2.7.4.jar;C:\Users\ASUS\.m2\repository\org\springframework\boot\spring-boot-starter\2.7.4\spring-boot-starter-2.7.4.jar;C:\Users\ASUS\.m2\repository\org\springframework\boot\spring-boot-starter-logging\2.7.4\spring-boot-starter-logging-2.7.4.jar;C:\Users\ASUS\.m2\repository\ch\qos\logback\logback-classic\1.2.11\logback-classic-1.2.11.jar;C:\Users\ASUS\.m2\repository\ch\qos\logback\logback-core\1.2.11\logback-core-1.2.11.jar;C:\Users\ASUS\.m2\repository\org\apache\logging\log4j\log4j-to-slf4j\2.17.2\log4j-to-slf4j-2.17.2.jar;C:\Users\ASUS\.m2\repository\org\apache\logging\log4j\log4j-api\2.17.2\log4j-api-2.17.2.jar;C:\Users\ASUS\.m2\repository\org\slf4j\jul-to-slf4j\1.7.36\jul-to-slf4j-1.7.36.jar;C:\Users\ASUS\.m2\repository\jakarta\annotation\jakarta.annotation-api\1.3.5\jakarta.annotation-api-1.3.5.jar;C:\Users\ASUS\.m2\repository\org\yaml\snakeyaml\1.30\snakeyaml-1.30.jar;C:\Users\ASUS\.m2\repository\org\springframework\boot\spring-boot-starter-json\2.7.4\spring-boot-starter-json-2.7.4.jar;C:\Users\ASUS\.m2\repository\com\fasterxml\jackson\core\jackson-databind\2.13.4\jackson-databind-2.13.4.jar;C:\Users\ASUS\.m2\repository\com\fasterxml\jackson\core\jackson-annotations\2.13.4\jackson-annotations-2.13.4.jar;C:\Users\ASUS\.m2\repository\com\fasterxml\jackson\core\jackson-core\2.13.4\jackson-core-2.13.4.jar;C:\Users\ASUS\.m2\repository\com\fasterxml\jackson\datatype\jackson-datatype-jdk8\2.13.4\jackson-datatype-jdk8-2.13.4.jar;C:\Users\ASUS\.m2\repository\com\fasterxml\jackson\datatype\jackson-datatype-jsr310\2.13.4\jackson-datatype-jsr310-2.13.4.jar;C:\Users\ASUS\.m2\repository\com\fasterxml\jackson\module\jackson-module-parameter-names\2.13.4\jackson-module-parameter-names-2.13.4.jar;C:\Users\ASUS\.m2\repository\org\springframework\boot\spring-boot-starter-tomcat\2.7.4\sp
Launcher Type: SUN_STANDARD

[Global flags]
     intx CICompilerCount                          = 3                                         {product} {ergonomic}
     uint ConcGCThreads                            = 1                                         {product} {ergonomic}
     uint G1ConcRefinementThreads                  = 4                                         {product} {ergonomic}
   size_t G1HeapRegionSize                         = 1048576                                   {product} {ergonomic}
    uintx GCDrainStackTargetSize                   = 64                                        {product} {ergonomic}
   size_t InitialHeapSize                          = 134217728                                 {product} {ergonomic}
   size_t MarkStackSize                            = 4194304                                   {product} {ergonomic}
   size_t MaxHeapSize                              = 2118123520                                {product} {ergonomic}
   size_t MaxNewSize                               = 1270874112                                {product} {ergonomic}
   size_t MinHeapDeltaBytes                        = 1048576                                   {product} {ergonomic}
    uintx NonNMethodCodeHeapSize                   = 5830732                                {pd product} {ergonomic}
    uintx NonProfiledCodeHeapSize                  = 122913754                              {pd product} {ergonomic}
    uintx ProfiledCodeHeapSize                     = 122913754                              {pd product} {ergonomic}
    uintx ReservedCodeCacheSize                    = 251658240                              {pd product} {ergonomic}
     bool SegmentedCodeCache                       = true                                      {product} {ergonomic}
     bool UseCompressedClassPointers               = true                                 {lp64_product} {ergonomic}
     bool UseCompressedOops                        = true                                 {lp64_product} {ergonomic}
     bool UseG1GC                                  = true                                      {product} {ergonomic}
     bool UseLargePagesIndividualAllocation        = false                                  {pd product} {ergonomic}

Logging:
Log output configuration:
 #0: stdout all=warning uptime,level,tags
 #1: stderr all=off uptime,level,tags

Environment Variables:
JAVA_HOME=C:\Program Files\Eclipse Adoptium\jdk-11.0.16.101-hotspot\
PATH=C:\Users\ASUS\AppData\Local\Programs\Python\Python310\Scripts\;C:\Users\ASUS\AppData\Local\Programs\Python\Python310\;C:\Program Files\Eclipse Adoptium\jdk-11.0.16.101-hotspot\bin;C:\Program Files (x86)\Common Files\Oracle\Java\javapath;C:\ProgramData\Oracle\Java\javapath;C:\Program Files (x86)\Intel\iCLS Client\;C:\Program Files\Intel\iCLS Client\;C:\WINDOWS\system32;C:\WINDOWS;C:\WINDOWS\System32\Wbem;C:\WINDOWS\System32\WindowsPowerShell\v1.0\;C:\Program Files\Intel\Intel(R) Management Engine Components\DAL;C:\Program Files\Intel\Intel(R) Management Engine Components\IPT;C:\Program Files (x86)\Intel\Intel(R) Management Engine Components\DAL;C:\Program Files (x86)\Intel\Intel(R) Management Engine Components\IPT;C:\WINDOWS\System32\OpenSSH\;C:\Program Files (x86)\NVIDIA Corporation\PhysX\Common;C:\WINDOWS\system32;C:\WINDOWS;C:\WINDOWS\System32\Wbem;C:\WINDOWS\System32\WindowsPowerShell\v1.0\;C:\WINDOWS\System32\OpenSSH\;C:\ProgramData\chocolatey\bin;C:\Program Files\dotnet\;C:\ProgramData\UNIVALI\Portugol Studio;C:\Program Files\Git\cmd;C:\Program Files\nodejs\;C:\Users\ASUS\AppData\Local\Microsoft\WindowsApps;C:\Users\ASUS\AppData\Local\Programs\Microsoft VS Code\bin;C:\Users\ASUS\.dotnet\tools;C:\Users\ASUS\AppData\Roaming\npm
USERNAME=ASUS
LANG=pt_BR.UTF-8
OS=Windows_NT
PROCESSOR_IDENTIFIER=Intel64 Family 6 Model 69 Stepping 1, GenuineIntel
TMP=C:\Users\ASUS\AppData\Local\Temp
TEMP=C:\Users\ASUS\AppData\Local\Temp



---------------  S Y S T E M  ---------------

OS: Windows 10 , 64 bit Build 19041 (10.0.19041.1889)
OS uptime: 2 days 3:27 hours

CPU:total 4 (initial active 4) (2 cores per cpu, 2 threads per core) family 6 model 69 stepping 1 microcode 0x25, cmov, cx8, fxsr, mmx, sse, sse2, sse3, ssse3, sse4.1, sse4.2, popcnt, avx, avx2, aes, clmul, erms, lzcnt, ht, tsc, tscinvbit, bmi1, bmi2, fma

Memory: 4k page, system-wide physical 8075M (706M free)
TotalPageFile size 10123M (AvailPageFile size 0M)
current process WorkingSet (physical memory assigned to process): 104M, peak: 104M
current process commit charge ("private bytes"): 232M, peak: 233M

vm_info: OpenJDK 64-Bit Server VM (11.0.16.1+1) for windows-amd64 JRE (11.0.16.1+1), built on Aug 16 2022 02:58:04 by "" with MS VC++ 15.9 (VS2017)

END.
